Pasazer 0 chce jechac do gory z pietra 1
Winda 0 wezwana przez pasazera 0 na pietrze 1 by jechac do gory
Winda 0 otrzymala zapytanie od pasazera 0 aby jechac do gory na pietro 1
1 pasazer czeka na winde 0 na pietrze 1
Pasazer 1 chce jechac na dol z pietra 2
Winda 1 czeka na zapytania od pasazerow
Winda 0 wykonuje zapytanie od paszaera aby jechac do gory na pietro 1
Pasazer 4 chce jechac na dol z pietra 3
Pasazer 2 chce jechac na dol z pietra 0
Pasazer 3 chce jechac na dol z pietra 3
Winda 0 wezwana przez pasazera 2 na pietrze 0 by jechac w dol
Winda 0 wezwana przez pasazera 4 na pietrze 3 by jechac w dol
Winda 0 przemieszcza sie do gory na pietro 1
Winda 0 wezwana przez pasazera 1 na pietrze 2 by jechac w dol
Winda 0 otrzymala zapytanie od pasazera 2 aby jechac na dol na pietro 0
Winda 0 wezwana przez pasazera 3 na pietrze 3 by jechac w dol
Winda 0 otrzymala zapytanie od pasazera 1 aby jechac na dol na pietro 2
1 pasazer czeka na winde 0 na pietrze 0
Winda 0 jedzie do gory na pietro 1
Winda otwiera drzwi na pietrze 1
1 pasazer czeka na winde 0 na pietrze 2
Pietro 1 ma 1 pasazerow czekajacych na winde 0
Winda 0 otworzyla drzwi na pietrze 1
Winda 0 czeka na pasazerow wsiadajacych na pietrze 1
Winda 0 otrzymala zapytanie od pasazera 4 aby jechac na dol na pietro 3
Pasazer 0 ma zamiar wejsc do winy 0
Winda 0 otrzymala zapytanie od pasazera 3 aby jechac na dol na pietro 3
1 pasazer czeka na winde 0 na pietrze 3
Pasazer 0 wsiada do windy na pietrze 1
2 pasazerowie czekaja na winde 0 na pietrze 3
Nie ma wiecej pasazerow czekajacych na winde 0 na pietrze 1
Pasazer 0 wszedl do windy 0
Winda 0 zamyka drzwi na pietrze 1
Pasazer 0 z windy 0 chce jechac na pietro 3
Winda 0 zamknela drzwi na pietrze 1
Winda 0 otrzymala zapytanie od pasazera 0 aby jechac do gory na pietro 3
3 pasazerowie czekaja na winde 0 na pietrze 3
Winda 0 wykonuje zapytanie od paszaera aby jechac do gory na pietro 3
Winda 0 przemieszcza sie do gory na pietro 3
Winda 0 jedzie do gory na pietro 3
Winda otwiera drzwi na pietrze 3
Pietro 3 has 3 pasazerow czekajacych na winde 0
Winda 0 otworzyla drzwi na pietrze 3
Winda 0 czeka na pasazerow wsiadajacych na pietrze 3
Pasazer 0 wychodzi z winy 0 na pietrze 3
2 pasazerow zostalo aby wejsc do windy 0na pietrze 3
Pasazer 0 wysiadl z windy na pietrze 3
Winda0 nie jedzie w tym kierunku.
1 pasazer zostal aby wejsc do windy 0na pietrze 3
Nie ma wiecej pasazerow czekajacych na winde 0 na pietrze 3
Winda0 nie jedzie w tym kierunku.
Winda 0 zamyka drzwi na pietrze 3
Winda 0 zamknela drzwi na pietrze 3
Winda 0 otrzymala zapytanie od pasazera 4 aby jechac na dol na pietro 3
1 pasazer czeka na winde 0 na pietrze 3
Winda 0 zaczyna zapytanie od pasazera aby jechac na dol na pietro 3
Winda 0 przemieszcza sie do gory na pietro 3
Winda 0 otrzymala zapytanie od pasazera 3 aby jechac na dol na pietro 3
2 pasazerowie czekaja na winde 0 na pietrze 3
Winda 0 jedzie na dol na pietro 3
Winda otwiera drzwi na pietrze 3
Pietro 3 has 2 pasazerow czekajacych na winde 0
Winda 0 otworzyla drzwi na pietrze 3
Winda 0 czeka na pasazerow wsiadajacych na pietrze 3
Pasazer 4 ma zamiar wejsc do winy 0
Pasazer 4 wsiada do windy na pietrze 3
Pasazer 3 ma zamiar wejsc do winy 0
1 pasazer zostal aby wejsc do windy 0na pietrze 3
Pasazer 4 wszedl do windy 0
Pasazer 3 wsiada do windy na pietrze 3
Pasazer 4 z windy 0 chce jechac na pietro 0
Nie ma wiecej pasazerow czekajacych na winde 0 na pietrze 3
Pasazer 3 wszedl do windy 0
Winda 0 zamyka drzwi na pietrze 3
Winda 0 otrzymala zapytanie od pasazera 4 aby jechac na dol na pietro 0
Winda 0 zamknela drzwi na pietrze 3
Pasazer 3 z windy 0 chce jechac na pietro 1
Winda 0 konczy zapytanie od pasazera aby jechac na dol na pietro 2
2 pasazerowie czekaja na winde 0 na pietrze 0
Winda 0 otrzymala zapytanie od pasazera 3 aby jechac na dol na pietro 1
Winda 0 przemieszcza sie do gory na pietro 2
1 pasazer czeka na winde 0 na pietrze 1
Winda 0 jedzie na dol na pietro 2
Winda otwiera drzwi na pietrze 2
Pietro 2 ma 1 pasazerow czekajacych na winde 0
Winda 0 otworzyla drzwi na pietrze 2
Winda 0 czeka na pasazerow wsiadajacych na pietrze 2
Pasazer 1 ma zamiar wejsc do winy 0
Pasazer 1 wsiada do windy na pietrze 2
Nie ma wiecej pasazerow czekajacych na winde 0 na pietrze 2
Pasazer 1 wszedl do windy 0
Winda 0 zamyka drzwi na pietrze 2
Pasazer 1 z windy 0 chce jechac na pietro 2
Winda 0 zamknela drzwi na pietrze 2
Winda 0 otrzymala zapytanie od pasazera 1 aby jechac na dol na pietro 2
1 pasazer czeka na winde 0 na pietrze 2
Winda 0 konczy zapytanie od pasazera aby jechac na dol na pietro 1
Winda 0 przemieszcza sie do gory na pietro 1
Winda 0 jedzie na dol na pietro 1
Winda otwiera drzwi na pietrze 1
Pietro 1 ma 1 pasazerow czekajacych na winde 0
Winda 0 otworzyla drzwi na pietrze 1
Winda 0 czeka na pasazerow wsiadajacych na pietrze 1
Pasazer 3 wychodzi z winy 0 na pietrze 1
Pasazer 3 wysiadl z windy na pietrze 1
Nie ma wiecej pasazerow czekajacych na winde 0 na pietrze 1
Winda 0 zamyka drzwi na pietrze 1
Winda 0 zamknela drzwi na pietrze 1
Winda 0 konczy zapytanie od pasazera aby jechac na dol na pietro 0
Winda 0 przemieszcza sie do gory na pietro 0
Winda 0 jedzie na dol na pietro 0
Winda otwiera drzwi na pietrze 0
Pietro 0 has 2 pasazerow czekajacych na winde 0
Winda 0 otworzyla drzwi na pietrze 0
Winda 0 czeka na pasazerow wsiadajacych na pietrze 0
Pasazer 4 wychodzi z winy 0 na pietrze 0
Pasazer 4 wysiadl z windy na pietrze 0
Pasazer 2 ma zamiar wejsc do winy 0
1 pasazer zostal aby wejsc do windy 0na pietrze 0
Pasazer 2 wsiada do windy na pietrze 0
Nie ma wiecej pasazerow czekajacych na winde 0 na pietrze 0
Pasazer 2 wszedl do windy 0
Winda 0 zamyka drzwi na pietrze 0
Winda 0 zamknela drzwi na pietrze 0
Pasazer 2 z windy 0 chce jechac na pietro 0
Winda 0 zaczyna zapytanie od pasazera aby jechac na dol na pietro 2
Winda 0 przemieszcza sie do gory na pietro 2
Winda 0 otrzymala zapytanie od pasazera 2 aby jechac na dol na pietro 0
1 pasazer czeka na winde 0 na pietrze 0
Winda 0 jedzie na dol na pietro 2
Winda otwiera drzwi na pietrze 2
Pietro 2 ma 1 pasazerow czekajacych na winde 0
Winda 0 otworzyla drzwi na pietrze 2
Winda 0 czeka na pasazerow wsiadajacych na pietrze 2
Pasazer 1 wychodzi z winy 0 na pietrze 2
Pasazer 1 wysiadl z windy na pietrze 2
Nie ma wiecej pasazerow czekajacych na winde 0 na pietrze 2
Winda 0 zamyka drzwi na pietrze 2
Winda 0 zamknela drzwi na pietrze 2
Winda 0 konczy zapytanie od pasazera aby jechac na dol na pietro 0
Winda 0 przemieszcza sie do gory na pietro 0
Winda 0 jedzie na dol na pietro 0
Winda otwiera drzwi na pietrze 0
Pietro 0 ma 1 pasazerow czekajacych na winde 0
Winda 0 otworzyla drzwi na pietrze 0
Winda 0 czeka na pasazerow wsiadajacych na pietrze 0
Pasazer 2 wychodzi z winy 0 na pietrze 0
Pasazer 2 wysiadl z windy na pietrze 0
Nie ma wiecej pasazerow czekajacych na winde 0 na pietrze 0
Winda 0 zamyka drzwi na pietrze 0
Winda 0 zamknela drzwi na pietrze 0
